0 verbose cli /usr/local/bin/node /usr/local/bin/npm
1 info using npm@8.19.2
2 info using node@v16.18.0
3 timing npm:load:whichnode Completed in 0ms
4 timing config:load:defaults Completed in 1ms
5 timing config:load:file:/usr/local/lib/node_modules/npm/npmrc Completed in 0ms
6 timing config:load:builtin Completed in 0ms
7 timing config:load:cli Completed in 1ms
8 timing config:load:env Completed in 0ms
9 timing config:load:file:/Users/manuearell/Library/Caches/typescript/4.9/.npmrc Completed in 0ms
10 timing config:load:project Completed in 4ms
11 timing config:load:file:/Users/manuearell/.npmrc Completed in 0ms
12 timing config:load:user Completed in 0ms
13 timing config:load:file:/usr/local/etc/npmrc Completed in 0ms
14 timing config:load:global Completed in 0ms
15 timing config:load:validate Completed in 0ms
16 timing config:load:credentials Completed in 1ms
17 timing config:load:setEnvs Completed in 1ms
18 timing config:load Completed in 8ms
19 timing npm:load:configload Completed in 8ms
20 timing npm:load:mkdirpcache Completed in 0ms
21 timing npm:load:mkdirplogs Completed in 1ms
22 verbose title npm install types-registry@latest
23 verbose argv "install" "--ignore-scripts" "types-registry@latest"
24 timing npm:load:setTitle Completed in 5ms
25 timing config:load:flatten Completed in 1ms
26 timing npm:load:display Completed in 2ms
27 verbose logfile logs-max:10 dir:/Users/manuearell/.npm/_logs
28 verbose logfile /Users/manuearell/.npm/_logs/2023-03-23T22_16_11_962Z-debug-0.log
29 timing npm:load:logFile Completed in 2ms
30 timing npm:load:timers Completed in 0ms
31 timing npm:load:configScope Completed in 0ms
32 timing npm:load Completed in 18ms
33 timing arborist:ctor Completed in 1ms
34 silly logfile done cleaning log files
35 timing idealTree:init Completed in 6ms
36 timing arborist:ctor Completed in 0ms
37 http fetch GET 200 https://registry.npmjs.org/npm 123ms (cache revalidated)
38 http fetch GET 200 https://registry.npmjs.org/types-registry 133ms (cache updated)
39 timing idealTree:userRequests Completed in 135ms
40 silly idealTree buildDeps
41 silly fetch manifest types-registry@0.1.636
42 silly placeDep ROOT types-registry@0.1.636 REPLACE for:  want: 0.1.636
43 timing idealTree:#root Completed in 2ms
44 timing idealTree:node_modules/types-registry Completed in 0ms
45 timing idealTree:buildDeps Completed in 3ms
46 timing idealTree:fixDepFlags Completed in 0ms
47 timing idealTree Completed in 145ms
48 timing reify:loadTrees Completed in 145ms
49 timing reify:diffTrees Completed in 0ms
50 silly reify mark retired [
50 silly reify   '/Users/manuearell/Library/Caches/typescript/4.9/node_modules/types-registry'
50 silly reify ]
51 silly reify moves {
51 silly reify   '/Users/manuearell/Library/Caches/typescript/4.9/node_modules/types-registry': '/Users/manuearell/Library/Caches/typescript/4.9/node_modules/.types-registry-5iVic5Oq'
51 silly reify }
52 timing reify:retireShallow Completed in 2ms
53 timing reify:createSparse Completed in 0ms
54 timing reify:loadBundles Completed in 0ms
55 silly audit bulk request { 'types-registry': [ '0.1.636' ] }
56 silly tarball no local data for types-registry@https://registry.npmjs.org/types-registry/-/types-registry-0.1.636.tgz. Extracting by manifest.
57 http fetch GET 200 https://registry.npmjs.org/types-registry/-/types-registry-0.1.636.tgz 57ms (cache miss)
58 timing reifyNode:node_modules/types-registry Completed in 61ms
59 timing reify:unpack Completed in 61ms
60 timing reify:unretire Completed in 0ms
61 timing build:queue Completed in 0ms
62 timing build:deps Completed in 1ms
63 timing build Completed in 1ms
64 timing reify:build Completed in 1ms
65 timing reify:trash Completed in 1ms
66 timing reify:save Completed in 3ms
67 http fetch POST 200 https://registry.npmjs.org/-/npm/v1/security/advisories/bulk 217ms
68 timing auditReport:getReport Completed in 218ms
69 silly audit report {}
70 timing auditReport:init Completed in 0ms
71 timing reify:audit Completed in 218ms
72 timing reify Completed in 370ms
73 silly CHANGE node_modules/types-registry
74 timing command:install Completed in 373ms
75 notice
75 notice New major version of npm available! 8.19.2 -> 9.6.2
75 notice Changelog: <https://github.com/npm/cli/releases/tag/v9.6.2>
75 notice Run `npm install -g npm@9.6.2` to update!
75 notice
76 verbose exit 0
77 timing npm Completed in 440ms
78 info ok
