2022-07-22 21:41:54 - 
2022-07-22 21:41:54 - >>> LOG OPEN, Fri Jul 22 21:41:54 2022
2022-07-22 21:41:59 - Applying preferences.
2022-07-22 21:42:00 - *** Traktor CPU Info ***
Packages: 1
Cores: 8
Processing Units: 8
Requested Render Threads: 0
Optimized Processing: false

2022-07-22 21:42:00 - *** Traktor CPU Info ***
Packages: 1
Cores: 8
Processing Units: 8
Requested Render Threads: 0
Optimized Processing: true

2022-07-22 21:43:22 - 
2022-07-22 21:43:22 - >>> LOG OPEN, Fri Jul 22 21:43:22 2022
2022-07-22 21:43:27 - Applying preferences.
2022-07-22 21:43:27 - *** Traktor CPU Info ***
Packages: 1
Cores: 8
Processing Units: 8
Requested Render Threads: 0
Optimized Processing: false

2022-07-22 21:43:27 - *** Traktor CPU Info ***
Packages: 1
Cores: 8
Processing Units: 8
Requested Render Threads: 0
Optimized Processing: true

2022-07-22 21:43:59 - 
2022-07-22 21:43:59 - <<< LOG CLOSE, Fri Jul 22 21:43:59 2022
2022-07-23 15:16:07 - 
2022-07-23 15:16:07 - >>> LOG OPEN, Sat Jul 23 15:16:07 2022
2022-07-23 15:16:12 - Applying preferences.
2022-07-23 15:16:12 - *** Traktor CPU Info ***
Packages: 1
Cores: 8
Processing Units: 8
Requested Render Threads: 0
Optimized Processing: false

2022-07-23 15:16:12 - *** Traktor CPU Info ***
Packages: 1
Cores: 8
Processing Units: 8
Requested Render Threads: 0
Optimized Processing: true

2022-07-23 15:16:49 - 
2022-07-23 15:16:49 - >>> LOG OPEN, Sat Jul 23 15:16:49 2022
