2022-07-22 20:40:54 - 
2022-07-22 20:40:54 - >>> LOG OPEN, Fri Jul 22 20:40:54 2022
2022-07-22 20:40:57 - Applying preferences.
2022-07-22 20:40:57 - Applying preferences.
2022-07-22 20:40:57 - Applying preferences.
2022-07-22 20:40:57 - Applying preferences.
2022-07-22 20:40:57 - Applying preferences.
2022-07-22 20:40:57 - *** Traktor CPU Info ***
Packages: 1
Cores: 8
Processing Units: 8
Requested Render Threads: 0
Optimized Processing: false

2022-07-22 20:40:57 - *** Traktor CPU Info ***
Packages: 1
Cores: 8
Processing Units: 8
Requested Render Threads: 0
Optimized Processing: true

2022-07-22 20:42:33 - Applying preferences.
2022-07-22 20:42:33 - Applying preferences.
2022-07-22 20:42:33 - Applying preferences.
2022-07-22 20:42:33 - Applying preferences.
2022-07-22 20:42:33 - Applying preferences.
2022-07-22 20:42:34 - *** Traktor CPU Info ***
Packages: 1
Cores: 8
Processing Units: 8
Requested Render Threads: 7
Optimized Processing: true

2022-07-22 20:42:36 - Applying preferences.
2022-07-22 20:42:40 - 
2022-07-22 20:42:40 - <<< LOG CLOSE, Fri Jul 22 20:42:40 2022
2022-07-22 20:43:22 - 
2022-07-22 20:43:22 - >>> LOG OPEN, Fri Jul 22 20:43:22 2022
2022-07-22 20:43:25 - Applying preferences.
2022-07-22 20:43:25 - Applying preferences.
2022-07-22 20:43:25 - Applying preferences.
2022-07-22 20:43:25 - Applying preferences.
2022-07-22 20:43:25 - Applying preferences.
2022-07-22 20:43:25 - *** Traktor CPU Info ***
Packages: 1
Cores: 8
Processing Units: 8
Requested Render Threads: 7
Optimized Processing: false

2022-07-22 20:43:25 - *** Traktor CPU Info ***
Packages: 1
Cores: 8
Processing Units: 8
Requested Render Threads: 7
Optimized Processing: true

2022-07-22 20:43:59 - 
2022-07-22 20:43:59 - <<< LOG CLOSE, Fri Jul 22 20:43:59 2022
2022-07-22 21:42:58 - 
2022-07-22 21:42:58 - >>> LOG OPEN, Fri Jul 22 21:42:58 2022
2022-07-22 21:43:00 - Applying preferences.
2022-07-22 21:43:00 - Applying preferences.
2022-07-22 21:43:00 - Applying preferences.
2022-07-22 21:43:00 - Applying preferences.
2022-07-22 21:43:00 - Applying preferences.
2022-07-22 21:43:00 - *** Traktor CPU Info ***
Packages: 1
Cores: 8
Processing Units: 8
Requested Render Threads: 7
Optimized Processing: false

2022-07-22 21:43:00 - *** Traktor CPU Info ***
Packages: 1
Cores: 8
Processing Units: 8
Requested Render Threads: 7
Optimized Processing: true

2022-07-22 21:43:06 - 
2022-07-22 21:43:06 - <<< LOG CLOSE, Fri Jul 22 21:43:06 2022
